  [1m[35m (0.4ms)[0m  [1m[34mSELECT sqlite_version(*)[0m
  ↳ bin/rails:9
  [1m[35m (2.5ms)[0m  [1m[35mCREATE TABLE "schema_migrations" ("version" varchar NOT NULL PRIMARY KEY)[0m
  ↳ bin/rails:9
  [1m[35m (1.3ms)[0m  [1m[35mCREATE TABLE "ar_internal_metadata" ("key" varchar NOT NULL PRIMARY KEY, "value" varchar, "created_at" datetime NOT NULL, "updated_at" datetime NOT NULL)[0m
  ↳ bin/rails:9
  [1m[35m (0.1ms)[0m  [1m[34mSELECT "schema_migrations"."version" FROM "schema_migrations" ORDER BY "schema_migrations"."version" ASC[0m
  ↳ bin/rails:9
Migrating to CreateComments (20190618082151)
  [1m[35m (0.0ms)[0m  [1m[36mbegin transaction[0m
  ↳ bin/rails:9
  [1m[35m (0.4ms)[0m  [1m[35mCREATE TABLE "comments" ("id" integer PRIMARY KEY AUTOINCREMENT NOT NULL, "photo_id" integer, "user_id" integer, "created_at" datetime NOT NULL, "updated_at" datetime NOT NULL, CONSTRAINT "fk_rails_8e6de2dbfc"
FOREIGN KEY ("photo_id")
  REFERENCES "photos" ("id")
, CONSTRAINT "fk_rails_03de2dc08c"
FOREIGN KEY ("user_id")
  REFERENCES "users" ("id")
)[0m
  ↳ db/migrate/20190618082151_create_comments.rb:3
  [1m[35m (0.1ms)[0m  [1m[35mCREATE  INDEX "index_comments_on_photo_id" ON "comments" ("photo_id")[0m
  ↳ db/migrate/20190618082151_create_comments.rb:3
  [1m[35m (0.1ms)[0m  [1m[35mCREATE  INDEX "index_comments_on_user_id" ON "comments" ("user_id")[0m
  ↳ db/migrate/20190618082151_create_comments.rb:3
  [1m[36mActiveRecord::SchemaMigration Create (0.2ms)[0m  [1m[32mINSERT INTO "schema_migrations" ("version") VALUES (?)[0m  [["version", "20190618082151"]]
  ↳ bin/rails:9
  [1m[35m (0.7ms)[0m  [1m[36mcommit transaction[0m
  ↳ bin/rails:9
Migrating to CreatePhotos (20190618082727)
  [1m[35m (0.0ms)[0m  [1m[36mbegin transaction[0m
  ↳ bin/rails:9
  [1m[35m (0.3ms)[0m  [1m[35mCREATE TABLE "photos" ("id" integer PRIMARY KEY AUTOINCREMENT NOT NULL, "url" varchar, "like_count" integer, "height" integer, "width" integer, "thumbnail" varchar, "created_at" datetime NOT NULL, "updated_at" datetime NOT NULL)[0m
  ↳ db/migrate/20190618082727_create_photos.rb:3
  [1m[36mActiveRecord::SchemaMigration Create (0.2ms)[0m  [1m[32mINSERT INTO "schema_migrations" ("version") VALUES (?)[0m  [["version", "20190618082727"]]
  ↳ bin/rails:9
  [1m[35m (0.8ms)[0m  [1m[36mcommit transaction[0m
  ↳ bin/rails:9
Migrating to CreateUsers (20190618082742)
  [1m[35m (0.0ms)[0m  [1m[36mbegin transaction[0m
  ↳ bin/rails:9
  [1m[35m (0.3ms)[0m  [1m[35mCREATE TABLE "users" ("id" integer PRIMARY KEY AUTOINCREMENT NOT NULL, "username" varchar, "created_at" datetime NOT NULL, "updated_at" datetime NOT NULL)[0m
  ↳ db/migrate/20190618082742_create_users.rb:3
  [1m[36mActiveRecord::SchemaMigration Create (0.1ms)[0m  [1m[32mINSERT INTO "schema_migrations" ("version") VALUES (?)[0m  [["version", "20190618082742"]]
  ↳ bin/rails:9
  [1m[35m (0.7ms)[0m  [1m[36mcommit transaction[0m
  ↳ bin/rails:9
  [1m[36mActiveRecord::InternalMetadata Load (0.1ms)[0m  [1m[34mSELECT  "ar_internal_metadata".* FROM "ar_internal_metadata" WHERE "ar_internal_metadata"."key" = ? LIMIT ?[0m  [["key", "environment"], ["LIMIT", 1]]
  ↳ bin/rails:9
  [1m[35m (0.0ms)[0m  [1m[36mbegin transaction[0m
  ↳ bin/rails:9
  [1m[36mActiveRecord::InternalMetadata Create (0.3ms)[0m  [1m[32mINSERT INTO "ar_internal_metadata" ("key", "value", "created_at", "updated_at") VALUES (?, ?, ?, ?)[0m  [["key", "environment"], ["value", "development"], ["created_at", "2019-06-18 08:28:30.865081"], ["updated_at", "2019-06-18 08:28:30.865081"]]
  ↳ bin/rails:9
  [1m[35m (0.6ms)[0m  [1m[36mcommit transaction[0m
  ↳ bin/rails:9
  [1m[35m (0.1ms)[0m  [1m[34mSELECT "schema_migrations"."version" FROM "schema_migrations" ORDER BY "schema_migrations"."version" ASC[0m
  ↳ bin/rails:9
  [1m[35m (0.4ms)[0m  [1m[34mSELECT "schema_migrations"."version" FROM "schema_migrations" ORDER BY "schema_migrations"."version" ASC[0m
  ↳ bin/rails:9
Migrating to AddContentToComments (20190618082856)
  [1m[35m (0.1ms)[0m  [1m[36mbegin transaction[0m
  ↳ bin/rails:9
  [1m[35m (0.3ms)[0m  [1m[35mALTER TABLE "contents" ADD "content" varchar[0m
  ↳ db/migrate/20190618082856_add_content_to_comments.rb:3
  [1m[35m (0.0ms)[0m  [1m[31mrollback transaction[0m
  ↳ bin/rails:9
  [1m[35m (0.3ms)[0m  [1m[34mSELECT "schema_migrations"."version" FROM "schema_migrations" ORDER BY "schema_migrations"."version" ASC[0m
  ↳ bin/rails:9
Migrating to AddContentToComments (20190618082856)
  [1m[35m (0.0ms)[0m  [1m[36mbegin transaction[0m
  ↳ bin/rails:9
  [1m[35m (0.7ms)[0m  [1m[35mALTER TABLE "comments" ADD "content" varchar[0m
  ↳ db/migrate/20190618082856_add_content_to_comments.rb:3
  [1m[36mActiveRecord::SchemaMigration Create (0.5ms)[0m  [1m[32mINSERT INTO "schema_migrations" ("version") VALUES (?)[0m  [["version", "20190618082856"]]
  ↳ bin/rails:9
  [1m[35m (0.9ms)[0m  [1m[36mcommit transaction[0m
  ↳ bin/rails:9
  [1m[36mActiveRecord::InternalMetadata Load (0.4ms)[0m  [1m[34mSELECT  "ar_internal_metadata".* FROM "ar_internal_metadata" WHERE "ar_internal_metadata"."key" = ? LIMIT ?[0m  [["key", "environment"], ["LIMIT", 1]]
  ↳ bin/rails:9
  [1m[35m (0.1ms)[0m  [1m[36mbegin transaction[0m
  ↳ bin/rails:9
  [1m[35m (0.1ms)[0m  [1m[36mcommit transaction[0m
  ↳ bin/rails:9
  [1m[35m (0.1ms)[0m  [1m[34mSELECT "schema_migrations"."version" FROM "schema_migrations" ORDER BY "schema_migrations"."version" ASC[0m
  ↳ bin/rails:9
  [1m[35m (0.1ms)[0m  [1m[34mSELECT "schema_migrations"."version" FROM "schema_migrations" ORDER BY "schema_migrations"."version" ASC[0m
  ↳ bin/rails:9
  [1m[36mPhoto Load (0.3ms)[0m  [1m[34mSELECT "photos".* FROM "photos"[0m
  ↳ db/seeds.rb:9
  [1m[36mComment Load (0.4ms)[0m  [1m[34mSELECT "comments".* FROM "comments"[0m
  ↳ db/seeds.rb:10
  [1m[36mUser Load (0.5ms)[0m  [1m[34mSELECT "users".* FROM "users"[0m
  ↳ db/seeds.rb:11
  [1m[35m (0.4ms)[0m  [1m[34mSELECT "schema_migrations"."version" FROM "schema_migrations" ORDER BY "schema_migrations"."version" ASC[0m
  ↳ bin/rails:9
  [1m[36mPhoto Load (0.3ms)[0m  [1m[34mSELECT "photos".* FROM "photos"[0m
  ↳ db/seeds.rb:9
  [1m[36mComment Load (0.3ms)[0m  [1m[34mSELECT "comments".* FROM "comments"[0m
  ↳ db/seeds.rb:10
  [1m[36mUser Load (0.3ms)[0m  [1m[34mSELECT "users".* FROM "users"[0m
  ↳ db/seeds.rb:11
  [1m[36mPhoto Load (0.5ms)[0m  [1m[34mSELECT  "photos".* FROM "photos" WHERE "photos"."url" = ? AND "photos"."width" = ? AND "photos"."height" = ? AND "photos"."like_count" = ? AND "photos"."thumbnail" = ? LIMIT ?[0m  [["url", "https://images.unsplash.com/photo-1560836061-9621bd6b7393?ixlib=rb-1.2.1&q=85&fm=jpg&crop=entropy&cs=srgb&ixid=eyJhcHBfaWQiOjc3MTU0fQ"], ["width", 4000], ["height", 6000], ["like_count", 0], ["thumbnail", "https://images.unsplash.com/photo-1560836061-9621bd6b7393?ixlib=rb-1.2.1&q=80&fm=jpg&crop=entropy&cs=tinysrgb&w=200&fit=max&ixid=eyJhcHBfaWQiOjc3MTU0fQ"], ["LIMIT", 1]]
  ↳ db/seeds.rb:19
  [1m[35m (0.1ms)[0m  [1m[36mbegin transaction[0m
  ↳ db/seeds.rb:19
  [1m[36mPhoto Create (0.7ms)[0m  [1m[32mINSERT INTO "photos" ("url", "like_count", "height", "width", "thumbnail", "created_at", "updated_at") VALUES (?, ?, ?, ?, ?, ?, ?)[0m  [["url", "https://images.unsplash.com/photo-1560836061-9621bd6b7393?ixlib=rb-1.2.1&q=85&fm=jpg&crop=entropy&cs=srgb&ixid=eyJhcHBfaWQiOjc3MTU0fQ"], ["like_count", 0], ["height", 6000], ["width", 4000], ["thumbnail", "https://images.unsplash.com/photo-1560836061-9621bd6b7393?ixlib=rb-1.2.1&q=80&fm=jpg&crop=entropy&cs=tinysrgb&w=200&fit=max&ixid=eyJhcHBfaWQiOjc3MTU0fQ"], ["created_at", "2019-06-18 08:31:08.136065"], ["updated_at", "2019-06-18 08:31:08.136065"]]
  ↳ db/seeds.rb:19
  [1m[35m (0.7ms)[0m  [1m[36mcommit transaction[0m
  ↳ db/seeds.rb:19
  [1m[36mPhoto Load (0.1ms)[0m  [1m[34mSELECT  "photos".* FROM "photos" WHERE "photos"."url" = ? AND "photos"."width" = ? AND "photos"."height" = ? AND "photos"."like_count" = ? AND "photos"."thumbnail" = ? LIMIT ?[0m  [["url", "https://images.unsplash.com/photo-1560838555-1bcdda25307e?ixlib=rb-1.2.1&q=85&fm=jpg&crop=entropy&cs=srgb&ixid=eyJhcHBfaWQiOjc3MTU0fQ"], ["width", 2304], ["height", 3456], ["like_count", 0], ["thumbnail", "https://images.unsplash.com/photo-1560838555-1bcdda25307e?ixlib=rb-1.2.1&q=80&fm=jpg&crop=entropy&cs=tinysrgb&w=200&fit=max&ixid=eyJhcHBfaWQiOjc3MTU0fQ"], ["LIMIT", 1]]
  ↳ db/seeds.rb:19
  [1m[35m (0.0ms)[0m  [1m[36mbegin transaction[0m
  ↳ db/seeds.rb:19
  [1m[36mPhoto Create (0.3ms)[0m  [1m[32mINSERT INTO "photos" ("url", "like_count", "height", "width", "thumbnail", "created_at", "updated_at") VALUES (?, ?, ?, ?, ?, ?, ?)[0m  [["url", "https://images.unsplash.com/photo-1560838555-1bcdda25307e?ixlib=rb-1.2.1&q=85&fm=jpg&crop=entropy&cs=srgb&ixid=eyJhcHBfaWQiOjc3MTU0fQ"], ["like_count", 0], ["height", 3456], ["width", 2304], ["thumbnail", "https://images.unsplash.com/photo-1560838555-1bcdda25307e?ixlib=rb-1.2.1&q=80&fm=jpg&crop=entropy&cs=tinysrgb&w=200&fit=max&ixid=eyJhcHBfaWQiOjc3MTU0fQ"], ["created_at", "2019-06-18 08:31:08.139740"], ["updated_at", "2019-06-18 08:31:08.139740"]]
  ↳ db/seeds.rb:19
  [1m[35m (0.6ms)[0m  [1m[36mcommit transaction[0m
  ↳ db/seeds.rb:19
  [1m[36mPhoto Load (0.1ms)[0m  [1m[34mSELECT  "photos".* FROM "photos" WHERE "photos"."url" = ? AND "photos"."width" = ? AND "photos"."height" = ? AND "photos"."like_count" = ? AND "photos"."thumbnail" = ? LIMIT ?[0m  [["url", "https://images.unsplash.com/photo-1560837153-8796fa209a97?ixlib=rb-1.2.1&q=85&fm=jpg&crop=entropy&cs=srgb&ixid=eyJhcHBfaWQiOjc3MTU0fQ"], ["width", 7952], ["height", 5304], ["like_count", 0], ["thumbnail", "https://images.unsplash.com/photo-1560837153-8796fa209a97?ixlib=rb-1.2.1&q=80&fm=jpg&crop=entropy&cs=tinysrgb&w=200&fit=max&ixid=eyJhcHBfaWQiOjc3MTU0fQ"], ["LIMIT", 1]]
  ↳ db/seeds.rb:19
  [1m[35m (0.0ms)[0m  [1m[36mbegin transaction[0m
  ↳ db/seeds.rb:19
  [1m[36mPhoto Create (0.3ms)[0m  [1m[32mINSERT INTO "photos" ("url", "like_count", "height", "width", "thumbnail", "created_at", "updated_at") VALUES (?, ?, ?, ?, ?, ?, ?)[0m  [["url", "https://images.unsplash.com/photo-1560837153-8796fa209a97?ixlib=rb-1.2.1&q=85&fm=jpg&crop=entropy&cs=srgb&ixid=eyJhcHBfaWQiOjc3MTU0fQ"], ["like_count", 0], ["height", 5304], ["width", 7952], ["thumbnail", "https://images.unsplash.com/photo-1560837153-8796fa209a97?ixlib=rb-1.2.1&q=80&fm=jpg&crop=entropy&cs=tinysrgb&w=200&fit=max&ixid=eyJhcHBfaWQiOjc3MTU0fQ"], ["created_at", "2019-06-18 08:31:08.142053"], ["updated_at", "2019-06-18 08:31:08.142053"]]
  ↳ db/seeds.rb:19
  [1m[35m (0.6ms)[0m  [1m[36mcommit transaction[0m
  ↳ db/seeds.rb:19
  [1m[36mPhoto Load (0.1ms)[0m  [1m[34mSELECT  "photos".* FROM "photos" WHERE "photos"."url" = ? AND "photos"."width" = ? AND "photos"."height" = ? AND "photos"."like_count" = ? AND "photos"."thumbnail" = ? LIMIT ?[0m  [["url", "https://images.unsplash.com/photo-1560779337-e4353f565d6e?ixlib=rb-1.2.1&q=85&fm=jpg&crop=entropy&cs=srgb&ixid=eyJhcHBfaWQiOjc3MTU0fQ"], ["width", 3467], ["height", 5201], ["like_count", 0], ["thumbnail", "https://images.unsplash.com/photo-1560779337-e4353f565d6e?ixlib=rb-1.2.1&q=80&fm=jpg&crop=entropy&cs=tinysrgb&w=200&fit=max&ixid=eyJhcHBfaWQiOjc3MTU0fQ"], ["LIMIT", 1]]
  ↳ db/seeds.rb:19
  [1m[35m (0.0ms)[0m  [1m[36mbegin transaction[0m
  ↳ db/seeds.rb:19
  [1m[36mPhoto Create (0.2ms)[0m  [1m[32mINSERT INTO "photos" ("url", "like_count", "height", "width", "thumbnail", "created_at", "updated_at") VALUES (?, ?, ?, ?, ?, ?, ?)[0m  [["url", "https://images.unsplash.com/photo-1560779337-e4353f565d6e?ixlib=rb-1.2.1&q=85&fm=jpg&crop=entropy&cs=srgb&ixid=eyJhcHBfaWQiOjc3MTU0fQ"], ["like_count", 0], ["height", 5201], ["width", 3467], ["thumbnail", "https://images.unsplash.com/photo-1560779337-e4353f565d6e?ixlib=rb-1.2.1&q=80&fm=jpg&crop=entropy&cs=tinysrgb&w=200&fit=max&ixid=eyJhcHBfaWQiOjc3MTU0fQ"], ["created_at", "2019-06-18 08:31:08.144321"], ["updated_at", "2019-06-18 08:31:08.144321"]]
  ↳ db/seeds.rb:19
  [1m[35m (0.6ms)[0m  [1m[36mcommit transaction[0m
  ↳ db/seeds.rb:19
  [1m[36mPhoto Load (0.1ms)[0m  [1m[34mSELECT  "photos".* FROM "photos" WHERE "photos"."url" = ? AND "photos"."width" = ? AND "photos"."height" = ? AND "photos"."like_count" = ? AND "photos"."thumbnail" = ? LIMIT ?[0m  [["url", "https://images.unsplash.com/photo-1560780552-ba54683cb263?ixlib=rb-1.2.1&q=85&fm=jpg&crop=entropy&cs=srgb&ixid=eyJhcHBfaWQiOjc3MTU0fQ"], ["width", 3861], ["height", 2574], ["like_count", 0], ["thumbnail", "https://images.unsplash.com/photo-1560780552-ba54683cb263?ixlib=rb-1.2.1&q=80&fm=jpg&crop=entropy&cs=tinysrgb&w=200&fit=max&ixid=eyJhcHBfaWQiOjc3MTU0fQ"], ["LIMIT", 1]]
  ↳ db/seeds.rb:19
  [1m[35m (0.0ms)[0m  [1m[36mbegin transaction[0m
  ↳ db/seeds.rb:19
  [1m[36mPhoto Create (0.3ms)[0m  [1m[32mINSERT INTO "photos" ("url", "like_count", "height", "width", "thumbnail", "created_at", "updated_at") VALUES (?, ?, ?, ?, ?, ?, ?)[0m  [["url", "https://images.unsplash.com/photo-1560780552-ba54683cb263?ixlib=rb-1.2.1&q=85&fm=jpg&crop=entropy&cs=srgb&ixid=eyJhcHBfaWQiOjc3MTU0fQ"], ["like_count", 0], ["height", 2574], ["width", 3861], ["thumbnail", "https://images.unsplash.com/photo-1560780552-ba54683cb263?ixlib=rb-1.2.1&q=80&fm=jpg&crop=entropy&cs=tinysrgb&w=200&fit=max&ixid=eyJhcHBfaWQiOjc3MTU0fQ"], ["created_at", "2019-06-18 08:31:08.146618"], ["updated_at", "2019-06-18 08:31:08.146618"]]
  ↳ db/seeds.rb:19
  [1m[35m (0.7ms)[0m  [1m[36mcommit transaction[0m
  ↳ db/seeds.rb:19
  [1m[36mPhoto Load (0.1ms)[0m  [1m[34mSELECT  "photos".* FROM "photos" WHERE "photos"."url" = ? AND "photos"."width" = ? AND "photos"."height" = ? AND "photos"."like_count" = ? AND "photos"."thumbnail" = ? LIMIT ?[0m  [["url", "https://images.unsplash.com/photo-1560781744-0853d9521cdc?ixlib=rb-1.2.1&q=85&fm=jpg&crop=entropy&cs=srgb&ixid=eyJhcHBfaWQiOjc3MTU0fQ"], ["width", 4032], ["height", 3024], ["like_count", 0], ["thumbnail", "https://images.unsplash.com/photo-1560781744-0853d9521cdc?ixlib=rb-1.2.1&q=80&fm=jpg&crop=entropy&cs=tinysrgb&w=200&fit=max&ixid=eyJhcHBfaWQiOjc3MTU0fQ"], ["LIMIT", 1]]
  ↳ db/seeds.rb:19
  [1m[35m (0.1ms)[0m  [1m[36mbegin transaction[0m
  ↳ db/seeds.rb:19
  [1m[36mPhoto Create (0.4ms)[0m  [1m[32mINSERT INTO "photos" ("url", "like_count", "height", "width", "thumbnail", "created_at", "updated_at") VALUES (?, ?, ?, ?, ?, ?, ?)[0m  [["url", "https://images.unsplash.com/photo-1560781744-0853d9521cdc?ixlib=rb-1.2.1&q=85&fm=jpg&crop=entropy&cs=srgb&ixid=eyJhcHBfaWQiOjc3MTU0fQ"], ["like_count", 0], ["height", 3024], ["width", 4032], ["thumbnail", "https://images.unsplash.com/photo-1560781744-0853d9521cdc?ixlib=rb-1.2.1&q=80&fm=jpg&crop=entropy&cs=tinysrgb&w=200&fit=max&ixid=eyJhcHBfaWQiOjc3MTU0fQ"], ["created_at", "2019-06-18 08:31:08.149530"], ["updated_at", "2019-06-18 08:31:08.149530"]]
  ↳ db/seeds.rb:19
  [1m[35m (0.6ms)[0m  [1m[36mcommit transaction[0m
  ↳ db/seeds.rb:19
  [1m[36mPhoto Load (0.1ms)[0m  [1m[34mSELECT  "photos".* FROM "photos" WHERE "photos"."url" = ? AND "photos"."width" = ? AND "photos"."height" = ? AND "photos"."like_count" = ? AND "photos"."thumbnail" = ? LIMIT ?[0m  [["url", "https://images.unsplash.com/photo-1557845973-30a281c5987d?ixlib=rb-1.2.1&q=85&fm=jpg&crop=entropy&cs=srgb&ixid=eyJhcHBfaWQiOjc3MTU0fQ"], ["width", 8192], ["height", 5461], ["like_count", 0], ["thumbnail", "https://images.unsplash.com/photo-1557845973-30a281c5987d?ixlib=rb-1.2.1&q=80&fm=jpg&crop=entropy&cs=tinysrgb&w=200&fit=max&ixid=eyJhcHBfaWQiOjc3MTU0fQ"], ["LIMIT", 1]]
  ↳ db/seeds.rb:19
  [1m[35m (0.0ms)[0m  [1m[36mbegin transaction[0m
  ↳ db/seeds.rb:19
  [1m[36mPhoto Create (0.3ms)[0m  [1m[32mINSERT INTO "photos" ("url", "like_count", "height", "width", "thumbnail", "created_at", "updated_at") VALUES (?, ?, ?, ?, ?, ?, ?)[0m  [["url", "https://images.unsplash.com/photo-1557845973-30a281c5987d?ixlib=rb-1.2.1&q=85&fm=jpg&crop=entropy&cs=srgb&ixid=eyJhcHBfaWQiOjc3MTU0fQ"], ["like_count", 0], ["height", 5461], ["width", 8192], ["thumbnail", "https://images.unsplash.com/photo-1557845973-30a281c5987d?ixlib=rb-1.2.1&q=80&fm=jpg&crop=entropy&cs=tinysrgb&w=200&fit=max&ixid=eyJhcHBfaWQiOjc3MTU0fQ"], ["created_at", "2019-06-18 08:31:08.152240"], ["updated_at", "2019-06-18 08:31:08.152240"]]
  ↳ db/seeds.rb:19
  [1m[35m (0.6ms)[0m  [1m[36mcommit transaction[0m
  ↳ db/seeds.rb:19
  [1m[36mPhoto Load (0.1ms)[0m  [1m[34mSELECT  "photos".* FROM "photos" WHERE "photos"."url" = ? AND "photos"."width" = ? AND "photos"."height" = ? AND "photos"."like_count" = ? AND "photos"."thumbnail" = ? LIMIT ?[0m  [["url", "https://images.unsplash.com/photo-1557845973-9e1924e7f729?ixlib=rb-1.2.1&q=85&fm=jpg&crop=entropy&cs=srgb&ixid=eyJhcHBfaWQiOjc3MTU0fQ"], ["width", 5461], ["height", 8192], ["like_count", 0], ["thumbnail", "https://images.unsplash.com/photo-1557845973-9e1924e7f729?ixlib=rb-1.2.1&q=80&fm=jpg&crop=entropy&cs=tinysrgb&w=200&fit=max&ixid=eyJhcHBfaWQiOjc3MTU0fQ"], ["LIMIT", 1]]
  ↳ db/seeds.rb:19
  [1m[35m (0.0ms)[0m  [1m[36mbegin transaction[0m
  ↳ db/seeds.rb:19
  [1m[36mPhoto Create (0.3ms)[0m  [1m[32mINSERT INTO "photos" ("url", "like_count", "height", "width", "thumbnail", "created_at", "updated_at") VALUES (?, ?, ?, ?, ?, ?, ?)[0m  [["url", "https://images.unsplash.com/photo-1557845973-9e1924e7f729?ixlib=rb-1.2.1&q=85&fm=jpg&crop=entropy&cs=srgb&ixid=eyJhcHBfaWQiOjc3MTU0fQ"], ["like_count", 0], ["height", 8192], ["width", 5461], ["thumbnail", "https://images.unsplash.com/photo-1557845973-9e1924e7f729?ixlib=rb-1.2.1&q=80&fm=jpg&crop=entropy&cs=tinysrgb&w=200&fit=max&ixid=eyJhcHBfaWQiOjc3MTU0fQ"], ["created_at", "2019-06-18 08:31:08.154656"], ["updated_at", "2019-06-18 08:31:08.154656"]]
  ↳ db/seeds.rb:19
  [1m[35m (0.6ms)[0m  [1m[36mcommit transaction[0m
  ↳ db/seeds.rb:19
  [1m[36mPhoto Load (0.1ms)[0m  [1m[34mSELECT  "photos".* FROM "photos" WHERE "photos"."url" = ? AND "photos"."width" = ? AND "photos"."height" = ? AND "photos"."like_count" = ? AND "photos"."thumbnail" = ? LIMIT ?[0m  [["url", "https://images.unsplash.com/photo-1557845973-152c9d021875?ixlib=rb-1.2.1&q=85&fm=jpg&crop=entropy&cs=srgb&ixid=eyJhcHBfaWQiOjc3MTU0fQ"], ["width", 7614], ["height", 5076], ["like_count", 0], ["thumbnail", "https://images.unsplash.com/photo-1557845973-152c9d021875?ixlib=rb-1.2.1&q=80&fm=jpg&crop=entropy&cs=tinysrgb&w=200&fit=max&ixid=eyJhcHBfaWQiOjc3MTU0fQ"], ["LIMIT", 1]]
  ↳ db/seeds.rb:19
  [1m[35m (0.0ms)[0m  [1m[36mbegin transaction[0m
  ↳ db/seeds.rb:19
  [1m[36mPhoto Create (0.3ms)[0m  [1m[32mINSERT INTO "photos" ("url", "like_count", "height", "width", "thumbnail", "created_at", "updated_at") VALUES (?, ?, ?, ?, ?, ?, ?)[0m  [["url", "https://images.unsplash.com/photo-1557845973-152c9d021875?ixlib=rb-1.2.1&q=85&fm=jpg&crop=entropy&cs=srgb&ixid=eyJhcHBfaWQiOjc3MTU0fQ"], ["like_count", 0], ["height", 5076], ["width", 7614], ["thumbnail", "https://images.unsplash.com/photo-1557845973-152c9d021875?ixlib=rb-1.2.1&q=80&fm=jpg&crop=entropy&cs=tinysrgb&w=200&fit=max&ixid=eyJhcHBfaWQiOjc3MTU0fQ"], ["created_at", "2019-06-18 08:31:08.157028"], ["updated_at", "2019-06-18 08:31:08.157028"]]
  ↳ db/seeds.rb:19
  [1m[35m (0.7ms)[0m  [1m[36mcommit transaction[0m
  ↳ db/seeds.rb:19
  [1m[36mPhoto Load (0.1ms)[0m  [1m[34mSELECT  "photos".* FROM "photos" WHERE "photos"."url" = ? AND "photos"."width" = ? AND "photos"."height" = ? AND "photos"."like_count" = ? AND "photos"."thumbnail" = ? LIMIT ?[0m  [["url", "https://images.unsplash.com/photo-1527511624584-388b58b9620c?ixlib=rb-1.2.1&q=85&fm=jpg&crop=entropy&cs=srgb&ixid=eyJhcHBfaWQiOjc3MTU0fQ"], ["width", 4016], ["height", 6016], ["like_count", 0], ["thumbnail", "https://images.unsplash.com/photo-1527511624584-388b58b9620c?ixlib=rb-1.2.1&q=80&fm=jpg&crop=entropy&cs=tinysrgb&w=200&fit=max&ixid=eyJhcHBfaWQiOjc3MTU0fQ"], ["LIMIT", 1]]
  ↳ db/seeds.rb:19
  [1m[35m (0.0ms)[0m  [1m[36mbegin transaction[0m
  ↳ db/seeds.rb:19
  [1m[36mPhoto Create (0.3ms)[0m  [1m[32mINSERT INTO "photos" ("url", "like_count", "height", "width", "thumbnail", "created_at", "updated_at") VALUES (?, ?, ?, ?, ?, ?, ?)[0m  [["url", "https://images.unsplash.com/photo-1527511624584-388b58b9620c?ixlib=rb-1.2.1&q=85&fm=jpg&crop=entropy&cs=srgb&ixid=eyJhcHBfaWQiOjc3MTU0fQ"], ["like_count", 0], ["height", 6016], ["width", 4016], ["thumbnail", "https://images.unsplash.com/photo-1527511624584-388b58b9620c?ixlib=rb-1.2.1&q=80&fm=jpg&crop=entropy&cs=tinysrgb&w=200&fit=max&ixid=eyJhcHBfaWQiOjc3MTU0fQ"], ["created_at", "2019-06-18 08:31:08.159734"], ["updated_at", "2019-06-18 08:31:08.159734"]]
  ↳ db/seeds.rb:19
  [1m[35m (0.6ms)[0m  [1m[36mcommit transaction[0m
  ↳ db/seeds.rb:19
  [1m[35m (0.0ms)[0m  [1m[36mbegin transaction[0m
  ↳ db/seeds.rb:32
  [1m[36mUser Create (0.3ms)[0m  [1m[32mINSERT INTO "users" ("username", "created_at", "updated_at") VALUES (?, ?, ?)[0m  [["username", "Bennett Stamm"], ["created_at", "2019-06-18 08:31:09.317769"], ["updated_at", "2019-06-18 08:31:09.317769"]]
  ↳ db/seeds.rb:32
  [1m[35m (0.6ms)[0m  [1m[36mcommit transaction[0m
  ↳ db/seeds.rb:32
  [1m[35m (0.0ms)[0m  [1m[36mbegin transaction[0m
  ↳ db/seeds.rb:32
  [1m[36mUser Create (0.4ms)[0m  [1m[32mINSERT INTO "users" ("username", "created_at", "updated_at") VALUES (?, ?, ?)[0m  [["username", "Mariana Upton DDS"], ["created_at", "2019-06-18 08:31:09.320503"], ["updated_at", "2019-06-18 08:31:09.320503"]]
  ↳ db/seeds.rb:32
  [1m[35m (0.9ms)[0m  [1m[36mcommit transaction[0m
  ↳ db/seeds.rb:32
  [1m[35m (0.0ms)[0m  [1m[36mbegin transaction[0m
  ↳ db/seeds.rb:32
  [1m[36mUser Create (0.4ms)[0m  [1m[32mINSERT INTO "users" ("username", "created_at", "updated_at") VALUES (?, ?, ?)[0m  [["username", "Audrie Crona"], ["created_at", "2019-06-18 08:31:09.323412"], ["updated_at", "2019-06-18 08:31:09.323412"]]
  ↳ db/seeds.rb:32
  [1m[35m (0.7ms)[0m  [1m[36mcommit transaction[0m
  ↳ db/seeds.rb:32
  [1m[35m (0.0ms)[0m  [1m[36mbegin transaction[0m
  ↳ db/seeds.rb:32
  [1m[36mUser Create (0.4ms)[0m  [1m[32mINSERT INTO "users" ("username", "created_at", "updated_at") VALUES (?, ?, ?)[0m  [["username", "Elfreda Ondricka"], ["created_at", "2019-06-18 08:31:09.326919"], ["updated_at", "2019-06-18 08:31:09.326919"]]
  ↳ db/seeds.rb:32
  [1m[35m (0.8ms)[0m  [1m[36mcommit transaction[0m
  ↳ db/seeds.rb:32
  [1m[35m (0.0ms)[0m  [1m[36mbegin transaction[0m
  ↳ db/seeds.rb:32
  [1m[36mUser Create (0.4ms)[0m  [1m[32mINSERT INTO "users" ("username", "created_at", "updated_at") VALUES (?, ?, ?)[0m  [["username", "Jerrod Lemke"], ["created_at", "2019-06-18 08:31:09.330921"], ["updated_at", "2019-06-18 08:31:09.330921"]]
  ↳ db/seeds.rb:32
  [1m[35m (0.8ms)[0m  [1m[36mcommit transaction[0m
  ↳ db/seeds.rb:32
  [1m[35m (0.1ms)[0m  [1m[36mbegin transaction[0m
  ↳ db/seeds.rb:32
  [1m[36mUser Create (0.4ms)[0m  [1m[32mINSERT INTO "users" ("username", "created_at", "updated_at") VALUES (?, ?, ?)[0m  [["username", "Ms. Heide Crooks"], ["created_at", "2019-06-18 08:31:09.334666"], ["updated_at", "2019-06-18 08:31:09.334666"]]
  ↳ db/seeds.rb:32
  [1m[35m (0.9ms)[0m  [1m[36mcommit transaction[0m
  ↳ db/seeds.rb:32
  [1m[35m (0.0ms)[0m  [1m[36mbegin transaction[0m
  ↳ db/seeds.rb:32
  [1m[36mUser Create (0.3ms)[0m  [1m[32mINSERT INTO "users" ("username", "created_at", "updated_at") VALUES (?, ?, ?)[0m  [["username", "Mrs. Lincoln Pagac"], ["created_at", "2019-06-18 08:31:09.338566"], ["updated_at", "2019-06-18 08:31:09.338566"]]
  ↳ db/seeds.rb:32
  [1m[35m (0.6ms)[0m  [1m[36mcommit transaction[0m
  ↳ db/seeds.rb:32
  [1m[35m (0.0ms)[0m  [1m[36mbegin transaction[0m
  ↳ db/seeds.rb:32
  [1m[36mUser Create (0.3ms)[0m  [1m[32mINSERT INTO "users" ("username", "created_at", "updated_at") VALUES (?, ?, ?)[0m  [["username", "Jami Larson"], ["created_at", "2019-06-18 08:31:09.341140"], ["updated_at", "2019-06-18 08:31:09.341140"]]
  ↳ db/seeds.rb:32
  [1m[35m (0.6ms)[0m  [1m[36mcommit transaction[0m
  ↳ db/seeds.rb:32
  [1m[35m (0.0ms)[0m  [1m[36mbegin transaction[0m
  ↳ db/seeds.rb:32
  [1m[36mUser Create (0.3ms)[0m  [1m[32mINSERT INTO "users" ("username", "created_at", "updated_at") VALUES (?, ?, ?)[0m  [["username", "Noel VonRueden"], ["created_at", "2019-06-18 08:31:09.343566"], ["updated_at", "2019-06-18 08:31:09.343566"]]
  ↳ db/seeds.rb:32
  [1m[35m (0.6ms)[0m  [1m[36mcommit transaction[0m
  ↳ db/seeds.rb:32
  [1m[35m (0.0ms)[0m  [1m[36mbegin transaction[0m
  ↳ db/seeds.rb:32
  [1m[36mUser Create (0.3ms)[0m  [1m[32mINSERT INTO "users" ("username", "created_at", "updated_at") VALUES (?, ?, ?)[0m  [["username", "Cameron Langworth"], ["created_at", "2019-06-18 08:31:09.345364"], ["updated_at", "2019-06-18 08:31:09.345364"]]
  ↳ db/seeds.rb:32
  [1m[35m (0.6ms)[0m  [1m[36mcommit transaction[0m
  ↳ db/seeds.rb:32
  [1m[36mPhoto Load (0.1ms)[0m  [1m[34mSELECT "photos".* FROM "photos"[0m
  ↳ db/seeds.rb:36
  [1m[36mUser Load (0.1ms)[0m  [1m[34mSELECT "users".* FROM "users"[0m
  ↳ db/seeds.rb:36
  [1m[35m (0.0ms)[0m  [1m[36mbegin transaction[0m
  ↳ db/seeds.rb:36
  [1m[36mPhoto Load (0.1ms)[0m  [1m[34mSELECT  "photos".* FROM "photos" WHERE "photos"."id" = ? LIMIT ?[0m  [["id", 1], ["LIMIT", 1]]
  ↳ db/seeds.rb:36
  [1m[36mUser Load (0.1ms)[0m  [1m[34mSELECT  "users".* FROM "users" WHERE "users"."id" = ? LIMIT ?[0m  [["id", 2], ["LIMIT", 1]]
  ↳ db/seeds.rb:36
  [1m[36mComment Create (0.9ms)[0m  [1m[32mINSERT INTO "comments" ("photo_id", "user_id", "created_at", "updated_at", "content") VALUES (?, ?, ?, ?, ?)[0m  [["photo_id", 1], ["user_id", 2], ["created_at", "2019-06-18 08:31:09.365438"], ["updated_at", "2019-06-18 08:31:09.365438"], ["content", "Cumque quis incidunt."]]
  ↳ db/seeds.rb:36
  [1m[35m (0.7ms)[0m  [1m[36mcommit transaction[0m
  ↳ db/seeds.rb:36
  [1m[36mPhoto Load (0.1ms)[0m  [1m[34mSELECT "photos".* FROM "photos"[0m
  ↳ db/seeds.rb:36
  [1m[36mUser Load (0.1ms)[0m  [1m[34mSELECT "users".* FROM "users"[0m
  ↳ db/seeds.rb:36
  [1m[35m (0.0ms)[0m  [1m[36mbegin transaction[0m
  ↳ db/seeds.rb:36
  [1m[36mPhoto Load (0.1ms)[0m  [1m[34mSELECT  "photos".* FROM "photos" WHERE "photos"."id" = ? LIMIT ?[0m  [["id", 10], ["LIMIT", 1]]
  ↳ db/seeds.rb:36
  [1m[36mUser Load (0.0ms)[0m  [1m[34mSELECT  "users".* FROM "users" WHERE "users"."id" = ? LIMIT ?[0m  [["id", 8], ["LIMIT", 1]]
  ↳ db/seeds.rb:36
  [1m[36mComment Create (0.3ms)[0m  [1m[32mINSERT INTO "comments" ("photo_id", "user_id", "created_at", "updated_at", "content") VALUES (?, ?, ?, ?, ?)[0m  [["photo_id", 10], ["user_id", 8], ["created_at", "2019-06-18 08:31:09.369800"], ["updated_at", "2019-06-18 08:31:09.369800"], ["content", "Omnis et rerum."]]
  ↳ db/seeds.rb:36
  [1m[35m (0.6ms)[0m  [1m[36mcommit transaction[0m
  ↳ db/seeds.rb:36
  [1m[36mPhoto Load (0.1ms)[0m  [1m[34mSELECT "photos".* FROM "photos"[0m
  ↳ db/seeds.rb:36
  [1m[36mUser Load (0.1ms)[0m  [1m[34mSELECT "users".* FROM "users"[0m
  ↳ db/seeds.rb:36
  [1m[35m (0.0ms)[0m  [1m[36mbegin transaction[0m
  ↳ db/seeds.rb:36
  [1m[36mPhoto Load (0.1ms)[0m  [1m[34mSELECT  "photos".* FROM "photos" WHERE "photos"."id" = ? LIMIT ?[0m  [["id", 3], ["LIMIT", 1]]
  ↳ db/seeds.rb:36
  [1m[36mUser Load (0.0ms)[0m  [1m[34mSELECT  "users".* FROM "users" WHERE "users"."id" = ? LIMIT ?[0m  [["id", 10], ["LIMIT", 1]]
  ↳ db/seeds.rb:36
  [1m[36mComment Create (0.4ms)[0m  [1m[32mINSERT INTO "comments" ("photo_id", "user_id", "created_at", "updated_at", "content") VALUES (?, ?, ?, ?, ?)[0m  [["photo_id", 3], ["user_id", 10], ["created_at", "2019-06-18 08:31:09.373769"], ["updated_at", "2019-06-18 08:31:09.373769"], ["content", "Porro quibusdam cum."]]
  ↳ db/seeds.rb:36
  [1m[35m (0.7ms)[0m  [1m[36mcommit transaction[0m
  ↳ db/seeds.rb:36
  [1m[36mPhoto Load (0.2ms)[0m  [1m[34mSELECT "photos".* FROM "photos"[0m
  ↳ db/seeds.rb:36
  [1m[36mUser Load (0.1ms)[0m  [1m[34mSELECT "users".* FROM "users"[0m
  ↳ db/seeds.rb:36
  [1m[35m (0.0ms)[0m  [1m[36mbegin transaction[0m
  ↳ db/seeds.rb:36
  [1m[36mPhoto Load (0.1ms)[0m  [1m[34mSELECT  "photos".* FROM "photos" WHERE "photos"."id" = ? LIMIT ?[0m  [["id", 4], ["LIMIT", 1]]
  ↳ db/seeds.rb:36
  [1m[36mUser Load (0.1ms)[0m  [1m[34mSELECT  "users".* FROM "users" WHERE "users"."id" = ? LIMIT ?[0m  [["id", 8], ["LIMIT", 1]]
  ↳ db/seeds.rb:36
  [1m[36mComment Create (0.4ms)[0m  [1m[32mINSERT INTO "comments" ("photo_id", "user_id", "created_at", "updated_at", "content") VALUES (?, ?, ?, ?, ?)[0m  [["photo_id", 4], ["user_id", 8], ["created_at", "2019-06-18 08:31:09.379119"], ["updated_at", "2019-06-18 08:31:09.379119"], ["content", "Quam illum quis."]]
  ↳ db/seeds.rb:36
  [1m[35m (0.6ms)[0m  [1m[36mcommit transaction[0m
  ↳ db/seeds.rb:36
  [1m[36mPhoto Load (0.2ms)[0m  [1m[34mSELECT "photos".* FROM "photos"[0m
  ↳ db/seeds.rb:36
  [1m[36mUser Load (0.1ms)[0m  [1m[34mSELECT "users".* FROM "users"[0m
  ↳ db/seeds.rb:36
  [1m[35m (0.1ms)[0m  [1m[36mbegin transaction[0m
  ↳ db/seeds.rb:36
  [1m[36mPhoto Load (0.1ms)[0m  [1m[34mSELECT  "photos".* FROM "photos" WHERE "photos"."id" = ? LIMIT ?[0m  [["id", 10], ["LIMIT", 1]]
  ↳ db/seeds.rb:36
  [1m[36mUser Load (0.1ms)[0m  [1m[34mSELECT  "users".* FROM "users" WHERE "users"."id" = ? LIMIT ?[0m  [["id", 1], ["LIMIT", 1]]
  ↳ db/seeds.rb:36
  [1m[36mComment Create (0.4ms)[0m  [1m[32mINSERT INTO "comments" ("photo_id", "user_id", "created_at", "updated_at", "content") VALUES (?, ?, ?, ?, ?)[0m  [["photo_id", 10], ["user_id", 1], ["created_at", "2019-06-18 08:31:09.384313"], ["updated_at", "2019-06-18 08:31:09.384313"], ["content", "Quidem ea nam."]]
  ↳ db/seeds.rb:36
  [1m[35m (0.7ms)[0m  [1m[36mcommit transaction[0m
  ↳ db/seeds.rb:36
  [1m[36mPhoto Load (0.2ms)[0m  [1m[34mSELECT "photos".* FROM "photos"[0m
  ↳ db/seeds.rb:36
  [1m[36mUser Load (0.1ms)[0m  [1m[34mSELECT "users".* FROM "users"[0m
  ↳ db/seeds.rb:36
  [1m[35m (0.0ms)[0m  [1m[36mbegin transaction[0m
  ↳ db/seeds.rb:36
  [1m[36mPhoto Load (0.1ms)[0m  [1m[34mSELECT  "photos".* FROM "photos" WHERE "photos"."id" = ? LIMIT ?[0m  [["id", 3], ["LIMIT", 1]]
  ↳ db/seeds.rb:36
  [1m[36mUser Load (0.0ms)[0m  [1m[34mSELECT  "users".* FROM "users" WHERE "users"."id" = ? LIMIT ?[0m  [["id", 5], ["LIMIT", 1]]
  ↳ db/seeds.rb:36
  [1m[36mComment Create (0.4ms)[0m  [1m[32mINSERT INTO "comments" ("photo_id", "user_id", "created_at", "updated_at", "content") VALUES (?, ?, ?, ?, ?)[0m  [["photo_id", 3], ["user_id", 5], ["created_at", "2019-06-18 08:31:09.389366"], ["updated_at", "2019-06-18 08:31:09.389366"], ["content", "Aspernatur et doloribus."]]
  ↳ db/seeds.rb:36
  [1m[35m (0.6ms)[0m  [1m[36mcommit transaction[0m
  ↳ db/seeds.rb:36
  [1m[36mPhoto Load (0.1ms)[0m  [1m[34mSELECT "photos".* FROM "photos"[0m
  ↳ db/seeds.rb:36
  [1m[36mUser Load (0.1ms)[0m  [1m[34mSELECT "users".* FROM "users"[0m
  ↳ db/seeds.rb:36
  [1m[35m (0.0ms)[0m  [1m[36mbegin transaction[0m
  ↳ db/seeds.rb:36
  [1m[36mPhoto Load (0.1ms)[0m  [1m[34mSELECT  "photos".* FROM "photos" WHERE "photos"."id" = ? LIMIT ?[0m  [["id", 9], ["LIMIT", 1]]
  ↳ db/seeds.rb:36
  [1m[36mUser Load (0.0ms)[0m  [1m[34mSELECT  "users".* FROM "users" WHERE "users"."id" = ? LIMIT ?[0m  [["id", 2], ["LIMIT", 1]]
  ↳ db/seeds.rb:36
  [1m[36mComment Create (0.3ms)[0m  [1m[32mINSERT INTO "comments" ("photo_id", "user_id", "created_at", "updated_at", "content") VALUES (?, ?, ?, ?, ?)[0m  [["photo_id", 9], ["user_id", 2], ["created_at", "2019-06-18 08:31:09.393349"], ["updated_at", "2019-06-18 08:31:09.393349"], ["content", "Incidunt distinctio qui."]]
  ↳ db/seeds.rb:36
  [1m[35m (0.6ms)[0m  [1m[36mcommit transaction[0m
  ↳ db/seeds.rb:36
  [1m[36mPhoto Load (0.1ms)[0m  [1m[34mSELECT "photos".* FROM "photos"[0m
  ↳ db/seeds.rb:36
  [1m[36mUser Load (0.1ms)[0m  [1m[34mSELECT "users".* FROM "users"[0m
  ↳ db/seeds.rb:36
  [1m[35m (0.0ms)[0m  [1m[36mbegin transaction[0m
  ↳ db/seeds.rb:36
  [1m[36mPhoto Load (0.1ms)[0m  [1m[34mSELECT  "photos".* FROM "photos" WHERE "photos"."id" = ? LIMIT ?[0m  [["id", 3], ["LIMIT", 1]]
  ↳ db/seeds.rb:36
  [1m[36mUser Load (0.0ms)[0m  [1m[34mSELECT  "users".* FROM "users" WHERE "users"."id" = ? LIMIT ?[0m  [["id", 2], ["LIMIT", 1]]
  ↳ db/seeds.rb:36
  [1m[36mComment Create (0.3ms)[0m  [1m[32mINSERT INTO "comments" ("photo_id", "user_id", "created_at", "updated_at", "content") VALUES (?, ?, ?, ?, ?)[0m  [["photo_id", 3], ["user_id", 2], ["created_at", "2019-06-18 08:31:09.397087"], ["updated_at", "2019-06-18 08:31:09.397087"], ["content", "Officiis eligendi omnis."]]
  ↳ db/seeds.rb:36
  [1m[35m (0.6ms)[0m  [1m[36mcommit transaction[0m
  ↳ db/seeds.rb:36
  [1m[36mPhoto Load (0.1ms)[0m  [1m[34mSELECT "photos".* FROM "photos"[0m
  ↳ db/seeds.rb:36
  [1m[36mUser Load (0.1ms)[0m  [1m[34mSELECT "users".* FROM "users"[0m
  ↳ db/seeds.rb:36
  [1m[35m (0.0ms)[0m  [1m[36mbegin transaction[0m
  ↳ db/seeds.rb:36
  [1m[36mPhoto Load (0.1ms)[0m  [1m[34mSELECT  "photos".* FROM "photos" WHERE "photos"."id" = ? LIMIT ?[0m  [["id", 9], ["LIMIT", 1]]
  ↳ db/seeds.rb:36
  [1m[36mUser Load (0.0ms)[0m  [1m[34mSELECT  "users".* FROM "users" WHERE "users"."id" = ? LIMIT ?[0m  [["id", 9], ["LIMIT", 1]]
  ↳ db/seeds.rb:36
  [1m[36mComment Create (0.3ms)[0m  [1m[32mINSERT INTO "comments" ("photo_id", "user_id", "created_at", "updated_at", "content") VALUES (?, ?, ?, ?, ?)[0m  [["photo_id", 9], ["user_id", 9], ["created_at", "2019-06-18 08:31:09.400590"], ["updated_at", "2019-06-18 08:31:09.400590"], ["content", "Aut commodi nihil."]]
  ↳ db/seeds.rb:36
  [1m[35m (0.6ms)[0m  [1m[36mcommit transaction[0m
  ↳ db/seeds.rb:36
  [1m[36mPhoto Load (0.1ms)[0m  [1m[34mSELECT "photos".* FROM "photos"[0m
  ↳ db/seeds.rb:36
  [1m[36mUser Load (0.1ms)[0m  [1m[34mSELECT "users".* FROM "users"[0m
  ↳ db/seeds.rb:36
  [1m[35m (0.0ms)[0m  [1m[36mbegin transaction[0m
  ↳ db/seeds.rb:36
  [1m[36mPhoto Load (0.1ms)[0m  [1m[34mSELECT  "photos".* FROM "photos" WHERE "photos"."id" = ? LIMIT ?[0m  [["id", 8], ["LIMIT", 1]]
  ↳ db/seeds.rb:36
  [1m[36mUser Load (0.0ms)[0m  [1m[34mSELECT  "users".* FROM "users" WHERE "users"."id" = ? LIMIT ?[0m  [["id", 4], ["LIMIT", 1]]
  ↳ db/seeds.rb:36
  [1m[36mComment Create (0.3ms)[0m  [1m[32mINSERT INTO "comments" ("photo_id", "user_id", "created_at", "updated_at", "content") VALUES (?, ?, ?, ?, ?)[0m  [["photo_id", 8], ["user_id", 4], ["created_at", "2019-06-18 08:31:09.404105"], ["updated_at", "2019-06-18 08:31:09.404105"], ["content", "Vel ullam sint."]]
  ↳ db/seeds.rb:36
  [1m[35m (0.6ms)[0m  [1m[36mcommit transaction[0m
  ↳ db/seeds.rb:36
Started GET "/photos" for ::1 at 2019-06-18 09:48:48 +0100
  [1m[35m (0.6ms)[0m  [1m[34mSELECT "schema_migrations"."version" FROM "schema_migrations" ORDER BY "schema_migrations"."version" ASC[0m
  ↳ /Users/ines/.rvm/gems/ruby-2.6.1/gems/activerecord-5.2.3/lib/active_record/log_subscriber.rb:98
  
ActionController::RoutingError (No route matches [GET] "/photos"):
  
actionpack (5.2.3) lib/action_dispatch/middleware/debug_exceptions.rb:65:in `call'
web-console (3.7.0) lib/web_console/middleware.rb:135:in `call_app'
web-console (3.7.0) lib/web_console/middleware.rb:30:in `block in call'
web-console (3.7.0) lib/web_console/middleware.rb:20:in `catch'
web-console (3.7.0) lib/web_console/middleware.rb:20:in `call'
actionpack (5.2.3) lib/action_dispatch/middleware/show_exceptions.rb:33:in `call'
railties (5.2.3) lib/rails/rack/logger.rb:38:in `call_app'
railties (5.2.3) lib/rails/rack/logger.rb:26:in `block in call'
activesupport (5.2.3) lib/active_support/tagged_logging.rb:71:in `block in tagged'
activesupport (5.2.3) lib/active_support/tagged_logging.rb:28:in `tagged'
activesupport (5.2.3) lib/active_support/tagged_logging.rb:71:in `tagged'
railties (5.2.3) lib/rails/rack/logger.rb:26:in `call'
actionpack (5.2.3) lib/action_dispatch/middleware/remote_ip.rb:81:in `call'
actionpack (5.2.3) lib/action_dispatch/middleware/request_id.rb:27:in `call'
rack (2.0.7) lib/rack/runtime.rb:22:in `call'
activesupport (5.2.3) lib/active_support/cache/strategy/local_cache_middleware.rb:29:in `call'
actionpack (5.2.3) lib/action_dispatch/middleware/executor.rb:14:in `call'
actionpack (5.2.3) lib/action_dispatch/middleware/static.rb:127:in `call'
rack (2.0.7) lib/rack/sendfile.rb:111:in `call'
rack-cors (1.0.3) lib/rack/cors.rb:95:in `call'
railties (5.2.3) lib/rails/engine.rb:524:in `call'
puma (3.12.1) lib/puma/configuration.rb:227:in `call'
puma (3.12.1) lib/puma/server.rb:660:in `handle_request'
puma (3.12.1) lib/puma/server.rb:474:in `process_client'
puma (3.12.1) lib/puma/server.rb:334:in `block in run'
puma (3.12.1) lib/puma/thread_pool.rb:135:in `block in spawn_thread'
Started GET "/photos" for ::1 at 2019-06-18 09:55:10 +0100
  
ActionController::RoutingError (No route matches [GET] "/photos"):
  
actionpack (5.2.3) lib/action_dispatch/middleware/debug_exceptions.rb:65:in `call'
web-console (3.7.0) lib/web_console/middleware.rb:135:in `call_app'
web-console (3.7.0) lib/web_console/middleware.rb:30:in `block in call'
web-console (3.7.0) lib/web_console/middleware.rb:20:in `catch'
web-console (3.7.0) lib/web_console/middleware.rb:20:in `call'
actionpack (5.2.3) lib/action_dispatch/middleware/show_exceptions.rb:33:in `call'
railties (5.2.3) lib/rails/rack/logger.rb:38:in `call_app'
railties (5.2.3) lib/rails/rack/logger.rb:26:in `block in call'
activesupport (5.2.3) lib/active_support/tagged_logging.rb:71:in `block in tagged'
activesupport (5.2.3) lib/active_support/tagged_logging.rb:28:in `tagged'
activesupport (5.2.3) lib/active_support/tagged_logging.rb:71:in `tagged'
railties (5.2.3) lib/rails/rack/logger.rb:26:in `call'
actionpack (5.2.3) lib/action_dispatch/middleware/remote_ip.rb:81:in `call'
actionpack (5.2.3) lib/action_dispatch/middleware/request_id.rb:27:in `call'
rack (2.0.7) lib/rack/runtime.rb:22:in `call'
activesupport (5.2.3) lib/active_support/cache/strategy/local_cache_middleware.rb:29:in `call'
actionpack (5.2.3) lib/action_dispatch/middleware/executor.rb:14:in `call'
actionpack (5.2.3) lib/action_dispatch/middleware/static.rb:127:in `call'
rack (2.0.7) lib/rack/sendfile.rb:111:in `call'
rack-cors (1.0.3) lib/rack/cors.rb:95:in `call'
railties (5.2.3) lib/rails/engine.rb:524:in `call'
puma (3.12.1) lib/puma/configuration.rb:227:in `call'
puma (3.12.1) lib/puma/server.rb:660:in `handle_request'
puma (3.12.1) lib/puma/server.rb:474:in `process_client'
puma (3.12.1) lib/puma/server.rb:334:in `block in run'
puma (3.12.1) lib/puma/thread_pool.rb:135:in `block in spawn_thread'
Started GET "/photos" for ::1 at 2019-06-18 09:55:25 +0100
  
ActionController::RoutingError (No route matches [GET] "/photos"):
  
actionpack (5.2.3) lib/action_dispatch/middleware/debug_exceptions.rb:65:in `call'
web-console (3.7.0) lib/web_console/middleware.rb:135:in `call_app'
web-console (3.7.0) lib/web_console/middleware.rb:30:in `block in call'
web-console (3.7.0) lib/web_console/middleware.rb:20:in `catch'
web-console (3.7.0) lib/web_console/middleware.rb:20:in `call'
actionpack (5.2.3) lib/action_dispatch/middleware/show_exceptions.rb:33:in `call'
railties (5.2.3) lib/rails/rack/logger.rb:38:in `call_app'
railties (5.2.3) lib/rails/rack/logger.rb:26:in `block in call'
activesupport (5.2.3) lib/active_support/tagged_logging.rb:71:in `block in tagged'
activesupport (5.2.3) lib/active_support/tagged_logging.rb:28:in `tagged'
activesupport (5.2.3) lib/active_support/tagged_logging.rb:71:in `tagged'
railties (5.2.3) lib/rails/rack/logger.rb:26:in `call'
actionpack (5.2.3) lib/action_dispatch/middleware/remote_ip.rb:81:in `call'
actionpack (5.2.3) lib/action_dispatch/middleware/request_id.rb:27:in `call'
rack (2.0.7) lib/rack/runtime.rb:22:in `call'
activesupport (5.2.3) lib/active_support/cache/strategy/local_cache_middleware.rb:29:in `call'
actionpack (5.2.3) lib/action_dispatch/middleware/executor.rb:14:in `call'
actionpack (5.2.3) lib/action_dispatch/middleware/static.rb:127:in `call'
rack (2.0.7) lib/rack/sendfile.rb:111:in `call'
rack-cors (1.0.3) lib/rack/cors.rb:95:in `call'
railties (5.2.3) lib/rails/engine.rb:524:in `call'
puma (3.12.1) lib/puma/configuration.rb:227:in `call'
puma (3.12.1) lib/puma/server.rb:660:in `handle_request'
puma (3.12.1) lib/puma/server.rb:474:in `process_client'
puma (3.12.1) lib/puma/server.rb:334:in `block in run'
puma (3.12.1) lib/puma/thread_pool.rb:135:in `block in spawn_thread'
Started GET "/photos" for ::1 at 2019-06-18 09:56:28 +0100
  [1m[35m (1.1ms)[0m  [1m[34mSELECT "schema_migrations"."version" FROM "schema_migrations" ORDER BY "schema_migrations"."version" ASC[0m
  ↳ /Users/ines/.rvm/gems/ruby-2.6.1/gems/activerecord-5.2.3/lib/active_record/log_subscriber.rb:98
  
ActionController::RoutingError (No route matches [GET] "/photos"):
  
actionpack (5.2.3) lib/action_dispatch/middleware/debug_exceptions.rb:65:in `call'
web-console (3.7.0) lib/web_console/middleware.rb:135:in `call_app'
web-console (3.7.0) lib/web_console/middleware.rb:30:in `block in call'
web-console (3.7.0) lib/web_console/middleware.rb:20:in `catch'
web-console (3.7.0) lib/web_console/middleware.rb:20:in `call'
actionpack (5.2.3) lib/action_dispatch/middleware/show_exceptions.rb:33:in `call'
railties (5.2.3) lib/rails/rack/logger.rb:38:in `call_app'
railties (5.2.3) lib/rails/rack/logger.rb:26:in `block in call'
activesupport (5.2.3) lib/active_support/tagged_logging.rb:71:in `block in tagged'
activesupport (5.2.3) lib/active_support/tagged_logging.rb:28:in `tagged'
activesupport (5.2.3) lib/active_support/tagged_logging.rb:71:in `tagged'
railties (5.2.3) lib/rails/rack/logger.rb:26:in `call'
actionpack (5.2.3) lib/action_dispatch/middleware/remote_ip.rb:81:in `call'
actionpack (5.2.3) lib/action_dispatch/middleware/request_id.rb:27:in `call'
rack (2.0.7) lib/rack/runtime.rb:22:in `call'
activesupport (5.2.3) lib/active_support/cache/strategy/local_cache_middleware.rb:29:in `call'
actionpack (5.2.3) lib/action_dispatch/middleware/executor.rb:14:in `call'
actionpack (5.2.3) lib/action_dispatch/middleware/static.rb:127:in `call'
rack (2.0.7) lib/rack/sendfile.rb:111:in `call'
rack-cors (1.0.3) lib/rack/cors.rb:95:in `call'
railties (5.2.3) lib/rails/engine.rb:524:in `call'
puma (3.12.1) lib/puma/configuration.rb:227:in `call'
puma (3.12.1) lib/puma/server.rb:660:in `handle_request'
puma (3.12.1) lib/puma/server.rb:474:in `process_client'
puma (3.12.1) lib/puma/server.rb:334:in `block in run'
puma (3.12.1) lib/puma/thread_pool.rb:135:in `block in spawn_thread'
Started GET "/favicon.ico" for ::1 at 2019-06-18 09:56:30 +0100
  
ActionController::RoutingError (No route matches [GET] "/favicon.ico"):
  
actionpack (5.2.3) lib/action_dispatch/middleware/debug_exceptions.rb:65:in `call'
web-console (3.7.0) lib/web_console/middleware.rb:135:in `call_app'
web-console (3.7.0) lib/web_console/middleware.rb:30:in `block in call'
web-console (3.7.0) lib/web_console/middleware.rb:20:in `catch'
web-console (3.7.0) lib/web_console/middleware.rb:20:in `call'
actionpack (5.2.3) lib/action_dispatch/middleware/show_exceptions.rb:33:in `call'
railties (5.2.3) lib/rails/rack/logger.rb:38:in `call_app'
railties (5.2.3) lib/rails/rack/logger.rb:26:in `block in call'
activesupport (5.2.3) lib/active_support/tagged_logging.rb:71:in `block in tagged'
activesupport (5.2.3) lib/active_support/tagged_logging.rb:28:in `tagged'
activesupport (5.2.3) lib/active_support/tagged_logging.rb:71:in `tagged'
railties (5.2.3) lib/rails/rack/logger.rb:26:in `call'
actionpack (5.2.3) lib/action_dispatch/middleware/remote_ip.rb:81:in `call'
actionpack (5.2.3) lib/action_dispatch/middleware/request_id.rb:27:in `call'
rack (2.0.7) lib/rack/runtime.rb:22:in `call'
activesupport (5.2.3) lib/active_support/cache/strategy/local_cache_middleware.rb:29:in `call'
actionpack (5.2.3) lib/action_dispatch/middleware/executor.rb:14:in `call'
actionpack (5.2.3) lib/action_dispatch/middleware/static.rb:127:in `call'
rack (2.0.7) lib/rack/sendfile.rb:111:in `call'
rack-cors (1.0.3) lib/rack/cors.rb:95:in `call'
railties (5.2.3) lib/rails/engine.rb:524:in `call'
puma (3.12.1) lib/puma/configuration.rb:227:in `call'
puma (3.12.1) lib/puma/server.rb:660:in `handle_request'
puma (3.12.1) lib/puma/server.rb:474:in `process_client'
puma (3.12.1) lib/puma/server.rb:334:in `block in run'
puma (3.12.1) lib/puma/thread_pool.rb:135:in `block in spawn_thread'
Started GET "/photos" for ::1 at 2019-06-18 09:56:51 +0100
Processing by PhotosController#index as HTML
  [1m[36mPhoto Load (0.4ms)[0m  [1m[34mSELECT "photos".* FROM "photos"[0m
  ↳ app/controllers/photos_controller.rb:4
Completed 200 OK in 20ms (Views: 12.9ms | ActiveRecord: 1.0ms)


Started GET "/photos" for ::1 at 2019-06-18 09:57:28 +0100
Processing by PhotosController#index as */*
  [1m[36mPhoto Load (0.2ms)[0m  [1m[34mSELECT "photos".* FROM "photos"[0m
  ↳ app/controllers/photos_controller.rb:4
Completed 200 OK in 3ms (Views: 2.7ms | ActiveRecord: 0.2ms)


Started GET "/photos" for ::1 at 2019-06-18 09:57:39 +0100
Processing by PhotosController#index as */*
  [1m[36mPhoto Load (0.2ms)[0m  [1m[34mSELECT "photos".* FROM "photos"[0m
  ↳ app/controllers/photos_controller.rb:4
Completed 200 OK in 3ms (Views: 2.9ms | ActiveRecord: 0.2ms)


Started GET "/photos" for ::1 at 2019-06-18 09:58:25 +0100
Processing by PhotosController#index as */*
  [1m[36mPhoto Load (0.2ms)[0m  [1m[34mSELECT "photos".* FROM "photos"[0m
  ↳ app/controllers/photos_controller.rb:4
Completed 200 OK in 5ms (Views: 4.1ms | ActiveRecord: 0.2ms)


Started GET "/photos" for ::1 at 2019-06-18 09:58:44 +0100
Processing by PhotosController#index as */*
  [1m[36mPhoto Load (0.2ms)[0m  [1m[34mSELECT "photos".* FROM "photos"[0m
  ↳ app/controllers/photos_controller.rb:4
Completed 200 OK in 5ms (Views: 4.5ms | ActiveRecord: 0.2ms)


Started GET "/photos" for ::1 at 2019-06-18 09:59:08 +0100
Processing by PhotosController#index as */*
  [1m[36mPhoto Load (0.2ms)[0m  [1m[34mSELECT "photos".* FROM "photos"[0m
  ↳ app/controllers/photos_controller.rb:4
Completed 200 OK in 4ms (Views: 3.9ms | ActiveRecord: 0.2ms)


Started GET "/photos" for ::1 at 2019-06-18 09:59:25 +0100
Processing by PhotosController#index as */*
  [1m[36mPhoto Load (0.2ms)[0m  [1m[34mSELECT "photos".* FROM "photos"[0m
  ↳ app/controllers/photos_controller.rb:4
Completed 200 OK in 8ms (Views: 7.2ms | ActiveRecord: 0.2ms)


Started GET "/photos" for ::1 at 2019-06-18 10:00:04 +0100
Processing by PhotosController#index as */*
  [1m[36mPhoto Load (0.7ms)[0m  [1m[34mSELECT "photos".* FROM "photos"[0m
  ↳ app/controllers/photos_controller.rb:4
Completed 200 OK in 4ms (Views: 3.2ms | ActiveRecord: 0.7ms)


Started GET "/photos" for ::1 at 2019-06-18 10:00:19 +0100
Processing by PhotosController#index as */*
  [1m[36mPhoto Load (0.2ms)[0m  [1m[34mSELECT "photos".* FROM "photos"[0m
  ↳ app/controllers/photos_controller.rb:4
Completed 200 OK in 5ms (Views: 4.2ms | ActiveRecord: 0.2ms)


Started GET "/photos" for ::1 at 2019-06-18 10:00:46 +0100
Processing by PhotosController#index as */*
  [1m[36mPhoto Load (0.1ms)[0m  [1m[34mSELECT "photos".* FROM "photos"[0m
  ↳ app/controllers/photos_controller.rb:4
Completed 200 OK in 2ms (Views: 2.1ms | ActiveRecord: 0.1ms)


Started GET "/photos" for ::1 at 2019-06-18 10:02:35 +0100
Processing by PhotosController#index as */*
  [1m[36mPhoto Load (0.8ms)[0m  [1m[34mSELECT "photos".* FROM "photos"[0m
  ↳ app/controllers/photos_controller.rb:4
Completed 200 OK in 5ms (Views: 3.6ms | ActiveRecord: 0.8ms)


Started GET "/photos" for ::1 at 2019-06-18 10:04:05 +0100
Processing by PhotosController#index as */*
  [1m[36mPhoto Load (0.1ms)[0m  [1m[34mSELECT "photos".* FROM "photos"[0m
  ↳ app/controllers/photos_controller.rb:4
Completed 200 OK in 4ms (Views: 3.3ms | ActiveRecord: 0.1ms)


Started GET "/photos" for ::1 at 2019-06-18 10:05:14 +0100
Processing by PhotosController#index as */*
  [1m[36mPhoto Load (0.4ms)[0m  [1m[34mSELECT "photos".* FROM "photos"[0m
  ↳ app/controllers/photos_controller.rb:4
Completed 200 OK in 5ms (Views: 3.9ms | ActiveRecord: 0.4ms)


Started GET "/photos" for ::1 at 2019-06-18 10:06:33 +0100
Processing by PhotosController#index as */*
  [1m[36mPhoto Load (0.8ms)[0m  [1m[34mSELECT "photos".* FROM "photos"[0m
  ↳ app/controllers/photos_controller.rb:4
Completed 200 OK in 9ms (Views: 7.7ms | ActiveRecord: 0.8ms)


Started GET "/photos" for ::1 at 2019-06-18 10:07:22 +0100
Processing by PhotosController#index as */*
  [1m[36mPhoto Load (0.2ms)[0m  [1m[34mSELECT "photos".* FROM "photos"[0m
  ↳ app/controllers/photos_controller.rb:4
Completed 200 OK in 7ms (Views: 6.4ms | ActiveRecord: 0.2ms)


Started GET "/photos" for ::1 at 2019-06-18 10:10:48 +0100
Processing by PhotosController#index as */*
  [1m[36mPhoto Load (0.2ms)[0m  [1m[34mSELECT "photos".* FROM "photos"[0m
  ↳ app/controllers/photos_controller.rb:4
Completed 200 OK in 8ms (Views: 6.8ms | ActiveRecord: 0.2ms)


Started GET "/photos" for ::1 at 2019-06-18 10:10:56 +0100
Processing by PhotosController#index as */*
  [1m[36mPhoto Load (0.4ms)[0m  [1m[34mSELECT "photos".* FROM "photos"[0m
  ↳ app/controllers/photos_controller.rb:4
Completed 200 OK in 9ms (Views: 8.1ms | ActiveRecord: 0.4ms)


Started GET "/photos" for ::1 at 2019-06-18 10:11:49 +0100
Processing by PhotosController#index as */*
  [1m[36mPhoto Load (0.2ms)[0m  [1m[34mSELECT "photos".* FROM "photos"[0m
  ↳ app/controllers/photos_controller.rb:4
Completed 200 OK in 12ms (Views: 11.3ms | ActiveRecord: 0.2ms)


Started GET "/" for ::1 at 2019-06-18 10:27:08 +0100
  [1m[35m (0.4ms)[0m  [1m[34mSELECT "schema_migrations"."version" FROM "schema_migrations" ORDER BY "schema_migrations"."version" ASC[0m
  ↳ /Users/miaoshan/.rvm/gems/ruby-2.6.1/gems/activerecord-5.2.3/lib/active_record/log_subscriber.rb:98
Processing by Rails::WelcomeController#index as HTML
  Rendering /Users/miaoshan/.rvm/gems/ruby-2.6.1/gems/railties-5.2.3/lib/rails/templates/rails/welcome/index.html.erb
  Rendered /Users/miaoshan/.rvm/gems/ruby-2.6.1/gems/railties-5.2.3/lib/rails/templates/rails/welcome/index.html.erb (9.1ms)
Completed 200 OK in 30ms (Views: 27.2ms | ActiveRecord: 0.0ms)


Started GET "/photos" for ::1 at 2019-06-18 10:27:24 +0100
Processing by PhotosController#index as HTML
  [1m[36mPhoto Load (0.4ms)[0m  [1m[34mSELECT "photos".* FROM "photos"[0m
  ↳ app/controllers/photos_controller.rb:4
Completed 200 OK in 65ms (Views: 45.6ms | ActiveRecord: 2.3ms)


Started GET "/photos" for ::1 at 2019-06-18 10:27:39 +0100
Processing by PhotosController#index as */*
  [1m[36mPhoto Load (0.5ms)[0m  [1m[34mSELECT "photos".* FROM "photos"[0m
  ↳ app/controllers/photos_controller.rb:4
Completed 200 OK in 12ms (Views: 10.4ms | ActiveRecord: 0.5ms)


Started GET "/photos" for ::1 at 2019-06-18 10:45:32 +0100
Processing by PhotosController#index as */*
  [1m[36mPhoto Load (0.9ms)[0m  [1m[34mSELECT "photos".* FROM "photos"[0m
  ↳ app/controllers/photos_controller.rb:4
Completed 200 OK in 7ms (Views: 6.1ms | ActiveRecord: 0.9ms)


Started GET "/photos" for ::1 at 2019-06-18 10:45:46 +0100
Processing by PhotosController#index as */*
  [1m[36mPhoto Load (0.3ms)[0m  [1m[34mSELECT "photos".* FROM "photos"[0m
  ↳ app/controllers/photos_controller.rb:4
Completed 200 OK in 7ms (Views: 6.2ms | ActiveRecord: 0.3ms)


Started GET "/photos1" for ::1 at 2019-06-18 10:46:20 +0100
  
ActionController::RoutingError (No route matches [GET] "/photos1"):
  
actionpack (5.2.3) lib/action_dispatch/middleware/debug_exceptions.rb:65:in `call'
web-console (3.7.0) lib/web_console/middleware.rb:135:in `call_app'
web-console (3.7.0) lib/web_console/middleware.rb:30:in `block in call'
web-console (3.7.0) lib/web_console/middleware.rb:20:in `catch'
web-console (3.7.0) lib/web_console/middleware.rb:20:in `call'
actionpack (5.2.3) lib/action_dispatch/middleware/show_exceptions.rb:33:in `call'
railties (5.2.3) lib/rails/rack/logger.rb:38:in `call_app'
railties (5.2.3) lib/rails/rack/logger.rb:26:in `block in call'
activesupport (5.2.3) lib/active_support/tagged_logging.rb:71:in `block in tagged'
activesupport (5.2.3) lib/active_support/tagged_logging.rb:28:in `tagged'
activesupport (5.2.3) lib/active_support/tagged_logging.rb:71:in `tagged'
railties (5.2.3) lib/rails/rack/logger.rb:26:in `call'
actionpack (5.2.3) lib/action_dispatch/middleware/remote_ip.rb:81:in `call'
actionpack (5.2.3) lib/action_dispatch/middleware/request_id.rb:27:in `call'
rack (2.0.7) lib/rack/runtime.rb:22:in `call'
activesupport (5.2.3) lib/active_support/cache/strategy/local_cache_middleware.rb:29:in `call'
actionpack (5.2.3) lib/action_dispatch/middleware/executor.rb:14:in `call'
actionpack (5.2.3) lib/action_dispatch/middleware/static.rb:127:in `call'
rack (2.0.7) lib/rack/sendfile.rb:111:in `call'
rack-cors (1.0.3) lib/rack/cors.rb:95:in `call'
railties (5.2.3) lib/rails/engine.rb:524:in `call'
puma (3.12.1) lib/puma/configuration.rb:227:in `call'
puma (3.12.1) lib/puma/server.rb:660:in `handle_request'
puma (3.12.1) lib/puma/server.rb:474:in `process_client'
puma (3.12.1) lib/puma/server.rb:334:in `block in run'
puma (3.12.1) lib/puma/thread_pool.rb:135:in `block in spawn_thread'
Started GET "/photos" for ::1 at 2019-06-18 10:54:03 +0100
Processing by PhotosController#index as */*
  [1m[36mPhoto Load (1.0ms)[0m  [1m[34mSELECT "photos".* FROM "photos"[0m
  ↳ app/controllers/photos_controller.rb:4
Completed 200 OK in 7ms (Views: 5.9ms | ActiveRecord: 1.0ms)


Started GET "/photos" for ::1 at 2019-06-18 11:17:21 +0100
Processing by PhotosController#index as */*
  [1m[36mPhoto Load (0.8ms)[0m  [1m[34mSELECT "photos".* FROM "photos"[0m
  ↳ app/controllers/photos_controller.rb:4
Completed 200 OK in 6ms (Views: 5.2ms | ActiveRecord: 0.8ms)


Started GET "/photos" for ::1 at 2019-06-18 11:21:00 +0100
Processing by PhotosController#index as */*
  [1m[36mPhoto Load (0.4ms)[0m  [1m[34mSELECT "photos".* FROM "photos"[0m
  ↳ app/controllers/photos_controller.rb:4
Completed 200 OK in 7ms (Views: 6.4ms | ActiveRecord: 0.4ms)


Started GET "/photos" for ::1 at 2019-06-18 12:03:57 +0100
Processing by PhotosController#index as */*
  [1m[36mPhoto Load (0.8ms)[0m  [1m[34mSELECT "photos".* FROM "photos"[0m
  ↳ app/controllers/photos_controller.rb:4
Completed 200 OK in 7ms (Views: 5.9ms | ActiveRecord: 0.8ms)


